<?xml version="1.0" encoding="UTF-8"?>
<coverage generated="1774261359">
  <project timestamp="1774261359" name="Clover Coverage">
    <package name="Myerscode\Utilities\Bags">
      <file name="/Users/myerscf/Code/myerscode/utilities-bags/src/DotUtility.php">
        <class name="Myerscode\Utilities\Bags\DotUtility" namespace="Myerscode\Utilities\Bags">
          <metrics complexity="21" methods="6" coveredmethods="5" conditionals="0" coveredconditionals="0" statements="42" coveredstatements="41" elements="48" coveredelements="46"/>
        </class>
        <line num="12" type="method" name="__construct" visibility="public" complexity="1" crap="1" count="35"/>
        <line num="14" type="stmt" count="35"/>
        <line num="16" type="stmt" count="35"/>
        <line num="22" type="method" name="get" visibility="public" complexity="4" crap="4.03" count="5"/>
        <line num="25" type="stmt" count="5"/>
        <line num="27" type="stmt" count="5"/>
        <line num="28" type="stmt" count="2"/>
        <line num="31" type="stmt" count="3"/>
        <line num="32" type="stmt" count="3"/>
        <line num="33" type="stmt" count="3"/>
        <line num="35" type="stmt" count="0"/>
        <line num="39" type="stmt" count="3"/>
        <line num="45" type="method" name="merge" visibility="public" complexity="3" crap="3" count="13"/>
        <line num="48" type="stmt" count="13"/>
        <line num="49" type="stmt" count="9"/>
        <line num="52" type="stmt" count="4"/>
        <line num="53" type="stmt" count="2"/>
        <line num="56" type="stmt" count="2"/>
        <line num="62" type="method" name="mergeRecursively" visibility="public" complexity="3" crap="3" count="13"/>
        <line num="65" type="stmt" count="13"/>
        <line num="66" type="stmt" count="9"/>
        <line num="69" type="stmt" count="4"/>
        <line num="70" type="stmt" count="2"/>
        <line num="73" type="stmt" count="2"/>
        <line num="79" type="method" name="set" visibility="public" complexity="3" crap="3" count="1"/>
        <line num="82" type="stmt" count="1"/>
        <line num="84" type="stmt" count="1"/>
        <line num="86" type="stmt" count="1"/>
        <line num="87" type="stmt" count="1"/>
        <line num="89" type="stmt" count="1"/>
        <line num="90" type="stmt" count="1"/>
        <line num="93" type="stmt" count="1"/>
        <line num="96" type="stmt" count="1"/>
        <line num="98" type="stmt" count="1"/>
        <line num="100" type="stmt" count="1"/>
        <line num="110" type="method" name="normalizeArray" visibility="protected" complexity="7" crap="7" count="35"/>
        <line num="112" type="stmt" count="35"/>
        <line num="114" type="stmt" count="35"/>
        <line num="115" type="stmt" count="32"/>
        <line num="116" type="stmt" count="32"/>
        <line num="118" type="stmt" count="32"/>
        <line num="121" type="stmt" count="7"/>
        <line num="123" type="stmt" count="7"/>
        <line num="125" type="stmt" count="7"/>
        <line num="126" type="stmt" count="7"/>
        <line num="127" type="stmt" count="7"/>
        <line num="131" type="stmt" count="7"/>
        <line num="134" type="stmt" count="35"/>
        <metrics loc="137" ncloc="118" classes="1" methods="6" coveredmethods="5" conditionals="0" coveredconditionals="0" statements="42" coveredstatements="41" elements="48" coveredelements="46"/>
      </file>
      <file name="/Users/myerscf/Code/myerscode/utilities-bags/src/Utility.php">
        <class name="Myerscode\Utilities\Bags\Utility" namespace="Myerscode\Utilities\Bags">
          <metrics complexity="124" methods="59" coveredmethods="59" conditionals="0" coveredconditionals="0" statements="219" coveredstatements="219" elements="278" coveredelements="278"/>
        </class>
        <line num="22" type="method" name="__construct" visibility="public" complexity="1" crap="1" count="315"/>
        <line num="24" type="stmt" count="315"/>
        <line num="30" type="method" name="make" visibility="public" complexity="1" crap="1" count="14"/>
        <line num="32" type="stmt" count="14"/>
        <line num="38" type="method" name="add" visibility="public" complexity="2" crap="2" count="1"/>
        <line num="40" type="stmt" count="1"/>
        <line num="41" type="stmt" count="1"/>
        <line num="44" type="stmt" count="1"/>
        <line num="50" type="method" name="chunk" visibility="public" complexity="2" crap="2" count="10"/>
        <line num="52" type="stmt" count="10"/>
        <line num="53" type="stmt" count="2"/>
        <line num="56" type="stmt" count="8"/>
        <line num="57" type="stmt" count="8"/>
        <line num="58" type="stmt" count="8"/>
        <line num="59" type="stmt" count="8"/>
        <line num="65" type="method" name="contains" visibility="public" complexity="1" crap="1" count="8"/>
        <line num="67" type="stmt" count="8"/>
        <line num="73" type="method" name="containsAll" visibility="public" complexity="1" crap="1" count="15"/>
        <line num="75" type="stmt" count="15"/>
        <line num="77" type="stmt" count="15"/>
        <line num="83" type="method" name="containsAny" visibility="public" complexity="1" crap="1" count="8"/>
        <line num="85" type="stmt" count="8"/>
        <line num="87" type="stmt" count="8"/>
        <line num="93" type="method" name="count" visibility="public" complexity="1" crap="1" count="24"/>
        <line num="95" type="stmt" count="24"/>
        <line num="101" type="method" name="each" visibility="public" complexity="2" crap="2" count="1"/>
        <line num="103" type="stmt" count="1"/>
        <line num="104" type="stmt" count="1"/>
        <line num="107" type="stmt" count="1"/>
        <line num="113" type="method" name="eachUtil" visibility="public" complexity="3" crap="3" count="2"/>
        <line num="115" type="stmt" count="2"/>
        <line num="116" type="stmt" count="2"/>
        <line num="117" type="stmt" count="1"/>
        <line num="121" type="stmt" count="2"/>
        <line num="127" type="method" name="except" visibility="public" complexity="1" crap="1" count="1"/>
        <line num="129" type="stmt" count="1"/>
        <line num="135" type="method" name="exists" visibility="public" complexity="5" crap="5" count="33"/>
        <line num="137" type="stmt" count="33"/>
        <line num="138" type="stmt" count="24"/>
        <line num="141" type="stmt" count="15"/>
        <line num="142" type="stmt" count="9"/>
        <line num="145" type="stmt" count="7"/>
        <line num="147" type="stmt" count="7"/>
        <line num="148" type="stmt" count="7"/>
        <line num="149" type="stmt" count="7"/>
        <line num="151" type="stmt" count="3"/>
        <line num="155" type="stmt" count="4"/>
        <line num="162" type="method" name="filter" visibility="public" complexity="2" crap="2" count="6"/>
        <line num="164" type="stmt" count="6"/>
        <line num="165" type="stmt" count="5"/>
        <line num="168" type="stmt" count="1"/>
        <line num="174" type="method" name="first" visibility="public" complexity="5" crap="5" count="12"/>
        <line num="176" type="stmt" count="12"/>
        <line num="177" type="stmt" count="8"/>
        <line num="180" type="stmt" count="4"/>
        <line num="181" type="stmt" count="4"/>
        <line num="182" type="stmt" count="3"/>
        <line num="186" type="stmt" count="1"/>
        <line num="192" type="method" name="flatten" visibility="public" complexity="3" crap="3" count="2"/>
        <line num="194" type="stmt" count="2"/>
        <line num="195" type="stmt" count="2"/>
        <line num="196" type="stmt" count="2"/>
        <line num="198" type="stmt" count="2"/>
        <line num="199" type="stmt" count="2"/>
        <line num="200" type="stmt" count="2"/>
        <line num="201" type="stmt" count="2"/>
        <line num="205" type="stmt" count="2"/>
        <line num="211" type="method" name="get" visibility="public" complexity="4" crap="4" count="22"/>
        <line num="213" type="stmt" count="22"/>
        <line num="214" type="stmt" count="18"/>
        <line num="215" type="stmt" count="16"/>
        <line num="218" type="stmt" count="2"/>
        <line num="221" type="stmt" count="6"/>
        <line num="227" type="method" name="getIterator" visibility="public" complexity="1" crap="1" count="3"/>
        <line num="229" type="stmt" count="3"/>
        <line num="235" type="method" name="groupBy" visibility="public" complexity="4" crap="4" count="8"/>
        <line num="237" type="stmt" count="8"/>
        <line num="238" type="stmt" count="6"/>
        <line num="239" type="stmt" count="6"/>
        <line num="241" type="stmt" count="2"/>
        <line num="244" type="stmt" count="8"/>
        <line num="246" type="stmt" count="8"/>
        <line num="247" type="stmt" count="7"/>
        <line num="248" type="stmt" count="7"/>
        <line num="251" type="stmt" count="8"/>
        <line num="258" type="method" name="isAssociative" visibility="public" complexity="2" crap="2" count="10"/>
        <line num="260" type="stmt" count="10"/>
        <line num="261" type="stmt" count="1"/>
        <line num="264" type="stmt" count="9"/>
        <line num="270" type="method" name="isEmpty" visibility="public" complexity="1" crap="1" count="7"/>
        <line num="272" type="stmt" count="7"/>
        <line num="279" type="method" name="isIndexed" visibility="public" complexity="2" crap="2" count="8"/>
        <line num="281" type="stmt" count="8"/>
        <line num="287" type="method" name="isMultiDimensional" visibility="public" complexity="2" crap="2" count="11"/>
        <line num="289" type="stmt" count="11"/>
        <line num="290" type="stmt" count="1"/>
        <line num="293" type="stmt" count="10"/>
        <line num="299" type="method" name="isNotEmpty" visibility="public" complexity="1" crap="1" count="3"/>
        <line num="301" type="stmt" count="3"/>
        <line num="308" type="method" name="isSequential" visibility="public" complexity="1" crap="1" count="9"/>
        <line num="310" type="stmt" count="9"/>
        <line num="316" type="method" name="join" visibility="public" complexity="2" crap="2" count="7"/>
        <line num="318" type="stmt" count="7"/>
        <line num="320" type="stmt" count="7"/>
        <line num="321" type="stmt" count="4"/>
        <line num="324" type="stmt" count="3"/>
        <line num="330" type="method" name="jsonSerialize" visibility="public" complexity="1" crap="1" count="1"/>
        <line num="332" type="stmt" count="1"/>
        <line num="338" type="method" name="keys" visibility="public" complexity="1" crap="1" count="2"/>
        <line num="340" type="stmt" count="2"/>
        <line num="346" type="method" name="last" visibility="public" complexity="5" crap="5" count="11"/>
        <line num="348" type="stmt" count="11"/>
        <line num="349" type="stmt" count="7"/>
        <line num="352" type="stmt" count="4"/>
        <line num="354" type="stmt" count="4"/>
        <line num="355" type="stmt" count="4"/>
        <line num="356" type="stmt" count="3"/>
        <line num="360" type="stmt" count="4"/>
        <line num="366" type="method" name="map" visibility="public" complexity="1" crap="1" count="1"/>
        <line num="368" type="stmt" count="1"/>
        <line num="370" type="stmt" count="1"/>
        <line num="372" type="stmt" count="1"/>
        <line num="380" type="method" name="mapKeys" visibility="public" complexity="2" crap="2" count="2"/>
        <line num="382" type="stmt" count="2"/>
        <line num="383" type="stmt" count="2"/>
        <line num="384" type="stmt" count="1"/>
        <line num="387" type="stmt" count="1"/>
        <line num="388" type="stmt" count="2"/>
        <line num="390" type="stmt" count="1"/>
        <line num="396" type="method" name="max" visibility="public" complexity="5" crap="5" count="10"/>
        <line num="398" type="stmt" count="10"/>
        <line num="399" type="stmt" count="1"/>
        <line num="402" type="stmt" count="9"/>
        <line num="403" type="stmt" count="6"/>
        <line num="406" type="stmt" count="3"/>
        <line num="407" type="stmt" count="2"/>
        <line num="408" type="stmt" count="2"/>
        <line num="411" type="stmt" count="3"/>
        <line num="417" type="method" name="merge" visibility="public" complexity="2" crap="2" count="21"/>
        <line num="419" type="stmt" count="21"/>
        <line num="420" type="stmt" count="3"/>
        <line num="423" type="stmt" count="18"/>
        <line num="429" type="method" name="mergeRecursively" visibility="public" complexity="2" crap="2" count="20"/>
        <line num="431" type="stmt" count="20"/>
        <line num="432" type="stmt" count="3"/>
        <line num="435" type="stmt" count="17"/>
        <line num="441" type="method" name="min" visibility="public" complexity="5" crap="5" count="10"/>
        <line num="443" type="stmt" count="10"/>
        <line num="444" type="stmt" count="1"/>
        <line num="447" type="stmt" count="9"/>
        <line num="448" type="stmt" count="6"/>
        <line num="451" type="stmt" count="3"/>
        <line num="452" type="stmt" count="2"/>
        <line num="453" type="stmt" count="2"/>
        <line num="456" type="stmt" count="3"/>
        <line num="462" type="method" name="offsetExists" visibility="public" complexity="1" crap="1" count="3"/>
        <line num="464" type="stmt" count="3"/>
        <line num="470" type="method" name="offsetGet" visibility="public" complexity="1" crap="1" count="1"/>
        <line num="472" type="stmt" count="1"/>
        <line num="481" type="method" name="offsetSet" visibility="public" complexity="1" crap="1" count="1"/>
        <line num="483" type="stmt" count="1"/>
        <line num="492" type="method" name="offsetUnset" visibility="public" complexity="1" crap="1" count="1"/>
        <line num="494" type="stmt" count="1"/>
        <line num="500" type="method" name="only" visibility="public" complexity="1" crap="1" count="1"/>
        <line num="502" type="stmt" count="1"/>
        <line num="508" type="method" name="pipe" visibility="public" complexity="1" crap="1" count="7"/>
        <line num="510" type="stmt" count="7"/>
        <line num="516" type="method" name="pluck" visibility="public" complexity="4" crap="4" count="9"/>
        <line num="518" type="stmt" count="9"/>
        <line num="520" type="stmt" count="9"/>
        <line num="521" type="stmt" count="8"/>
        <line num="522" type="stmt" count="8"/>
        <line num="524" type="stmt" count="8"/>
        <line num="525" type="stmt" count="2"/>
        <line num="527" type="stmt" count="6"/>
        <line num="531" type="stmt" count="9"/>
        <line num="537" type="method" name="push" visibility="public" complexity="1" crap="1" count="2"/>
        <line num="539" type="stmt" count="2"/>
        <line num="540" type="stmt" count="2"/>
        <line num="542" type="stmt" count="2"/>
        <line num="548" type="method" name="reduce" visibility="public" complexity="1" crap="1" count="7"/>
        <line num="550" type="stmt" count="7"/>
        <line num="556" type="method" name="remove" visibility="public" complexity="2" crap="2" count="2"/>
        <line num="558" type="stmt" count="2"/>
        <line num="559" type="stmt" count="2"/>
        <line num="560" type="stmt" count="2"/>
        <line num="562" type="stmt" count="2"/>
        <line num="565" type="stmt" count="2"/>
        <line num="572" type="method" name="removeEmpty" visibility="public" complexity="2" crap="2" count="1"/>
        <line num="574" type="stmt" count="1"/>
        <line num="576" type="stmt" count="1"/>
        <line num="577" type="stmt" count="1"/>
        <line num="580" type="stmt" count="1"/>
        <line num="586" type="method" name="resetIndex" visibility="public" complexity="3" crap="3" count="2"/>
        <line num="588" type="stmt" count="2"/>
        <line num="589" type="stmt" count="1"/>
        <line num="592" type="stmt" count="1"/>
        <line num="593" type="stmt" count="1"/>
        <line num="595" type="stmt" count="1"/>
        <line num="596" type="stmt" count="1"/>
        <line num="598" type="stmt" count="1"/>
        <line num="604" type="method" name="reverse" visibility="public" complexity="1" crap="1" count="8"/>
        <line num="606" type="stmt" count="8"/>
        <line num="612" type="method" name="set" visibility="public" complexity="1" crap="1" count="3"/>
        <line num="614" type="stmt" count="3"/>
        <line num="616" type="stmt" count="3"/>
        <line num="618" type="stmt" count="3"/>
        <line num="624" type="method" name="sort" visibility="public" complexity="2" crap="2" count="8"/>
        <line num="626" type="stmt" count="8"/>
        <line num="628" type="stmt" count="8"/>
        <line num="629" type="stmt" count="1"/>
        <line num="631" type="stmt" count="7"/>
        <line num="634" type="stmt" count="8"/>
        <line num="640" type="method" name="sortBy" visibility="public" complexity="4" crap="4" count="5"/>
        <line num="642" type="stmt" count="5"/>
        <line num="643" type="stmt" count="4"/>
        <line num="644" type="stmt" count="4"/>
        <line num="646" type="stmt" count="1"/>
        <line num="649" type="stmt" count="5"/>
        <line num="651" type="stmt" count="5"/>
        <line num="652" type="stmt" count="5"/>
        <line num="653" type="stmt" count="5"/>
        <line num="655" type="stmt" count="5"/>
        <line num="656" type="stmt" count="5"/>
        <line num="658" type="stmt" count="5"/>
        <line num="664" type="method" name="sum" visibility="public" complexity="4" crap="4" count="9"/>
        <line num="666" type="stmt" count="9"/>
        <line num="667" type="stmt" count="6"/>
        <line num="670" type="stmt" count="3"/>
        <line num="671" type="stmt" count="2"/>
        <line num="672" type="stmt" count="2"/>
        <line num="675" type="stmt" count="3"/>
        <line num="681" type="method" name="toArray" visibility="public" complexity="1" crap="1" count="106"/>
        <line num="683" type="stmt" count="106"/>
        <line num="689" type="method" name="toKeyValueString" visibility="public" complexity="1" crap="1" count="3"/>
        <line num="697" type="stmt" count="3"/>
        <line num="698" type="stmt" count="3"/>
        <line num="699" type="stmt" count="3"/>
        <line num="700" type="stmt" count="3"/>
        <line num="701" type="stmt" count="3"/>
        <line num="702" type="stmt" count="3"/>
        <line num="703" type="stmt" count="3"/>
        <line num="704" type="stmt" count="3"/>
        <line num="705" type="stmt" count="3"/>
        <line num="706" type="stmt" count="3"/>
        <line num="707" type="stmt" count="3"/>
        <line num="708" type="stmt" count="3"/>
        <line num="716" type="method" name="toObject" visibility="public" complexity="1" crap="1" count="1"/>
        <line num="718" type="stmt" count="1"/>
        <line num="724" type="method" name="unique" visibility="public" complexity="4" crap="4" count="10"/>
        <line num="726" type="stmt" count="10"/>
        <line num="727" type="stmt" count="9"/>
        <line num="730" type="stmt" count="1"/>
        <line num="731" type="stmt" count="1"/>
        <line num="733" type="stmt" count="1"/>
        <line num="734" type="stmt" count="1"/>
        <line num="736" type="stmt" count="1"/>
        <line num="737" type="stmt" count="1"/>
        <line num="738" type="stmt" count="1"/>
        <line num="742" type="stmt" count="1"/>
        <line num="748" type="method" name="value" visibility="public" complexity="1" crap="1" count="120"/>
        <line num="750" type="stmt" count="120"/>
        <line num="756" type="method" name="values" visibility="public" complexity="1" crap="1" count="9"/>
        <line num="758" type="stmt" count="9"/>
        <line num="761" type="method" name="dotGet" visibility="protected" complexity="3" crap="3" count="2"/>
        <line num="763" type="stmt" count="2"/>
        <line num="764" type="stmt" count="2"/>
        <line num="765" type="stmt" count="2"/>
        <line num="766" type="stmt" count="1"/>
        <line num="768" type="stmt" count="1"/>
        <line num="772" type="stmt" count="1"/>
        <line num="778" type="method" name="transformToBag" visibility="protected" complexity="6" crap="6" count="315"/>
        <line num="780" type="stmt" count="315"/>
        <line num="781" type="stmt" count="2"/>
        <line num="784" type="stmt" count="315"/>
        <line num="785" type="stmt" count="10"/>
        <line num="788" type="stmt" count="315"/>
        <line num="790" type="stmt" count="315"/>
        <metrics loc="793" ncloc="607" classes="1" methods="59" coveredmethods="59" conditionals="0" coveredconditionals="0" statements="219" coveredstatements="219" elements="278" coveredelements="278"/>
      </file>
    </package>
    <file name="/Users/myerscf/Code/myerscode/utilities-bags/src/Helper.php">
      <line num="10" type="stmt" count="1"/>
      <metrics loc="13" ncloc="13" classes="0" methods="0" coveredmethods="0" conditionals="0" coveredconditionals="0" statements="1" coveredstatements="1" elements="1" coveredelements="1"/>
    </file>
    <metrics files="3" loc="943" ncloc="738" classes="2" methods="65" coveredmethods="64" conditionals="0" coveredconditionals="0" statements="262" coveredstatements="261" elements="327" coveredelements="325"/>
  </project>
</coverage>
